; ModuleID = 'Limits'
source_filename = "Test"

@globalstring = private unnamed_addr constant [2 x i8] c" \00", align 1
@globalstring.1 = private unnamed_addr constant [2 x i8] c" \00", align 1
@globalstring.2 = private unnamed_addr constant [2 x i8] c" \00", align 1
@globalstring.3 = private unnamed_addr constant [2 x i8] c" \00", align 1
@globalstring.4 = private unnamed_addr constant [2 x i8] c" \00", align 1

declare void @print_string(i8*)

declare void @print_int(i32)

define i32 @main() {
entry:
  %x = alloca i32, align 4
  store i32 0, i32* %x, align 4
  store i32 2147483647, i32* %x, align 4
  %x1 = load i32, i32* %x, align 4
  call void @print_int(i32 %x1)
  call void @print_string(i8* getelementptr inbounds ([2 x i8], [2 x i8]* @globalstring, i32 0, i32 0))
  %x2 = load i32, i32* %x, align 4
  %addtmp = add i32 %x2, 1
  store i32 %addtmp, i32* %x, align 4
  %x3 = load i32, i32* %x, align 4
  call void @print_int(i32 %x3)
  call void @print_string(i8* getelementptr inbounds ([2 x i8], [2 x i8]* @globalstring.1, i32 0, i32 0))
  store i32 -2147483648, i32* %x, align 4
  %x4 = load i32, i32* %x, align 4
  call void @print_int(i32 %x4)
  call void @print_string(i8* getelementptr inbounds ([2 x i8], [2 x i8]* @globalstring.2, i32 0, i32 0))
  store i32 -2147483648, i32* %x, align 4
  %x5 = load i32, i32* %x, align 4
  call void @print_int(i32 %x5)
  call void @print_string(i8* getelementptr inbounds ([2 x i8], [2 x i8]* @globalstring.3, i32 0, i32 0))
  %x6 = load i32, i32* %x, align 4
  %r_shifttmp = lshr i32 %x6, 31
  store i32 %r_shifttmp, i32* %x, align 4
  %x7 = load i32, i32* %x, align 4
  call void @print_int(i32 %x7)
  call void @print_string(i8* getelementptr inbounds ([2 x i8], [2 x i8]* @globalstring.4, i32 0, i32 0))
  ret i32 0
}
