14
15
17
21
29
45
77
141
269
525
1037
2061
4109
8205
16397
32781
65549
131085
262157
524301
1048589
2097165
4194317
8388621
16777229
33554445
67108877
134217741
268435469
536870925
1073741837
-2147483635
14
15
17
21
29
45
77
141
269
525
1037
2061
4109
8205
16397
32781
65549
131085
262157
524301
1048589
2097165
4194317
8388621
16777229
33554445
67108877
134217741
268435469
536870925
1073741837
-2147483635
14
15
17
21
29
45
77
141
269
525
1037
2061
4109
8205
16397
32781
65549
131085
262157
524301
1048589
2097165
4194317
8388621
16777229
33554445
67108877
134217741
268435469
536870925
1073741837
-2147483635
14
15
17
21
